<!DOCTYPE html>
<html>
<head>
    <title>Unittest Results</title>
    <meta charset="utf-8">
    <meta name="viewport" content="width=device-width, initial-scale=1.0">
    <link rel="stylesheet" href="https://maxcdn.bootstrapcdn.com/bootstrap/3.3.6/css/bootstrap.min.css" integrity="sha384-1q8mTJOASx8j1Au+a5WDVnPi2lkFfwwEAa8hDDdjZlpLegxhjVME1fgjWPGmkzs7" crossorigin="anonymous">
</head>
<body>
    <div class="container">
        <div class="row">
            <div class="col-xs-12">
                <h2 class="text-capitalize">Unittest Results</h2>
                <p class='attribute'><strong>Start Time: </strong>2021-05-08 18:03:07</p>
                <p class='attribute'><strong>Duration: </strong>5.51 s</p>
                <p class='attribute'><strong>Summary: </strong>Total: 4, Pass: 0, Error: 4</p>
            </div>
        </div>
        <div class="row">
            <div class="col-xs-12 col-sm-10 col-md-10">
                <table class='table table-hover table-responsive'>
                    <thead>
                        <tr>
                            <th>__main__.MyTestCase</th>
                            <th>Status</th>
                            <th></th>
                        </tr>
                    </thead>
                    <tbody>
                        <tr class='warning'>
                            <td class="col-xs-10">test_MusicPlayer</td>
                            <td class="col-xs-1">
                                <span class="label label-warning" style="display:block;width:40px;">Error</span>
                            </td>
                            <td class="col-xs-1">
                                <button class="btn btn-default btn-xs">View</button>
                            </td>
                        </tr>
                        <tr style="display:none;">
                            <td class="col-xs-9" colspan="3"><p>-------------------------------------------------------------
Test Environment created
Run started at:2021-05-08 18:03:08.398220
-------------------------------------------------------
Test Environment Destroyed
Run completed at :2021-05-08 18:03:08.398289
</p><p style="color:maroon;">AttributeError: 'MyTestCase' object has no attribute 'base_url'</p><p style="color:maroon;">Traceback (most recent call last):
  File "FirstUnitTest.py", line 89, in test_MusicPlayer
    self.driver.get(self.base_url)
AttributeError: 'MyTestCase' object has no attribute 'base_url'
</p>
                            </td>
                        </tr>
                        <tr class='warning'>
                            <td class="col-xs-10">test_SearchFunction</td>
                            <td class="col-xs-1">
                                <span class="label label-warning" style="display:block;width:40px;">Error</span>
                            </td>
                            <td class="col-xs-1">
                                <button class="btn btn-default btn-xs">View</button>
                            </td>
                        </tr>
                        <tr style="display:none;">
                            <td class="col-xs-9" colspan="3"><p>-------------------------------------------------------------
Test Environment created
Run started at:2021-05-08 18:03:09.782305
-------------------------------------------------------
Test Environment Destroyed
Run completed at :2021-05-08 18:03:09.782369
</p><p style="color:maroon;">AttributeError: 'MyTestCase' object has no attribute 'base_url'</p><p style="color:maroon;">Traceback (most recent call last):
  File "FirstUnitTest.py", line 99, in test_SearchFunction
    self.driver.get(self.base_url)
AttributeError: 'MyTestCase' object has no attribute 'base_url'
</p>
                            </td>
                        </tr>
                        <tr class='warning'>
                            <td class="col-xs-10">test_loginSpotify</td>
                            <td class="col-xs-1">
                                <span class="label label-warning" style="display:block;width:40px;">Error</span>
                            </td>
                            <td class="col-xs-1">
                                <button class="btn btn-default btn-xs">View</button>
                            </td>
                        </tr>
                        <tr style="display:none;">
                            <td class="col-xs-9" colspan="3"><p>-------------------------------------------------------------
Test Environment created
Run started at:2021-05-08 18:03:11.172527
-------------------------------------------------------
Test Environment Destroyed
Run completed at :2021-05-08 18:03:11.172603
</p><p style="color:maroon;">AttributeError: 'MyTestCase' object has no attribute 'base_url'</p><p style="color:maroon;">Traceback (most recent call last):
  File "FirstUnitTest.py", line 56, in test_loginSpotify
    self.driver.get(self.base_url)
AttributeError: 'MyTestCase' object has no attribute 'base_url'
</p>
                            </td>
                        </tr>
                        <tr class='warning'>
                            <td class="col-xs-10">test_removeCookiePolicy</td>
                            <td class="col-xs-1">
                                <span class="label label-warning" style="display:block;width:40px;">Error</span>
                            </td>
                            <td class="col-xs-1">
                                <button class="btn btn-default btn-xs">View</button>
                            </td>
                        </tr>
                        <tr style="display:none;">
                            <td class="col-xs-9" colspan="3"><p>-------------------------------------------------------------
Test Environment created
Run started at:2021-05-08 18:03:12.524658
-------------------------------------------------------
Test Environment Destroyed
Run completed at :2021-05-08 18:03:12.524763
</p><p style="color:maroon;">AttributeError: 'MyTestCase' object has no attribute 'base_url'</p><p style="color:maroon;">Traceback (most recent call last):
  File "FirstUnitTest.py", line 75, in test_removeCookiePolicy
    self.driver.get(self.base_url)
AttributeError: 'MyTestCase' object has no attribute 'base_url'
</p>
                            </td>
                        </tr>
                        <tr>
                            <td colspan="3">
                                Total: 4, Pass: 0, Error: 4 -- Duration: 5.51 s
                            </td>
                        </tr>
                    </tbody>
                </table>
            </div>
        </div>
    </div>
    <script src="https://ajax.googleapis.com/ajax/libs/jquery/2.2.4/jquery.min.js"></script>
    <script type="text/javascript">
        $(document).ready(function(){
            $('td').on('click', '.btn', function(e){
                e.preventDefault();
                e.stopImmediatePropagation();
                var $this = $(this);
                var $nextRow = $this.closest('tr').next('tr');
                $nextRow.slideToggle("fast");
                $this.text(function(i, text){
                    if (text === 'View') {
                        return 'Hide';
                    } else {
                        return 'View';
                    };
                });
            });
        });
    </script>
</body>
</html